<?xml version="1.0" encoding="UTF-8"?>
<testng-results ignored="0" total="1" passed="1" failed="0" skipped="0">
  <reporter-output>
  </reporter-output>
  <suite started-at="2023-11-26T14:45:09 GMT" name="Default suite" finished-at="2023-11-26T14:45:20 GMT" duration-ms="11713">
    <groups>
    </groups>
    <test started-at="2023-11-26T14:45:09 GMT" name="Default test" finished-at="2023-11-26T14:45:20 GMT" duration-ms="11713">
      <class name="com.customerServiceTest.CustomerServiceBlogTest">
        <test-method is-config="true" signature="testBrowser()[pri:0, instance:com.customerServiceTest.CustomerServiceBlogTest@74751b3]" started-at="2023-11-26T14:45:09 GMT" name="testBrowser" finished-at="2023-11-26T14:45:18 GMT" duration-ms="9666" status="PASS">
          <reporter-output>
          </reporter-output>
        </test-method> <!-- testBrowser -->
        <test-method signature="test()[pri:0, instance:com.customerServiceTest.CustomerServiceBlogTest@74751b3]" started-at="2023-11-26T14:45:18 GMT" name="test" finished-at="2023-11-26T14:45:20 GMT" duration-ms="1911" status="PASS">
          <reporter-output>
          </reporter-output>
        </test-method> <!-- test -->
        <test-method is-config="true" signature="closeTest()[pri:0, instance:com.customerServiceTest.CustomerServiceBlogTest@74751b3]" started-at="2023-11-26T14:45:20 GMT" name="closeTest" finished-at="2023-11-26T14:45:20 GMT" duration-ms="100" status="PASS">
          <reporter-output>
          </reporter-output>
        </test-method> <!-- closeTest -->
      </class> <!-- com.customerServiceTest.CustomerServiceBlogTest -->
    </test> <!-- Default test -->
  </suite> <!-- Default suite -->
</testng-results>
